<?xml version="1.0" encoding="UTF-8"?>
<!-- Generated by org.testng.reporters.JUnitXMLReporter -->
<testsuite ignored="0" hostname="LAPTOP-VI2D3B1U" failures="0" tests="4" name="Command line test" time="0.087" errors="0" timestamp="2020-05-24T19:39:12 IST">
  <testcase classname="testPro.mavenPract.MavenPro1Test" name="Check1Test" time="0.007"/>
  <testcase classname="testPro.mavenPract.MavenPro1Test" name="CheckTest" time="0.004"/>
  <testcase classname="testPro.mavenPract.MavenProTest" name="Check2Test" time="0.001"/>
  <testcase classname="testPro.mavenPract.MavenProTest" name="Check3Test" time="0.001"/>
</testsuite> <!-- Command line test -->
